#
# There is insufficient memory for the Java Runtime Environment to continue.
# Native memory allocation (mmap) failed to map 100663296 bytes for G1 virtual space
# Possible reasons:
#   The system is out of physical RAM or swap space
#   The process is running with CompressedOops enabled, and the Java Heap may be blocking the growth of the native heap
# Possible solutions:
#   Reduce memory load on the system
#   Increase physical memory or swap space
#   Check if swap backing store is full
#   Decrease Java heap size (-Xmx/-Xms)
#   Decrease number of Java threads
#   Decrease Java thread stack sizes (-Xss)
#   Set larger code cache with -XX:ReservedCodeCacheSize=
#   JVM is running with Unscaled Compressed Oops mode in which the Java heap is
#     placed in the first 4GB address space. The Java Heap base address is the
#     maximum limit for the native heap growth. Please use -XX:HeapBaseMinAddress
#     to set the Java Heap base and to place the Java Heap above 4GB virtual address.
# This output file may be truncated or incomplete.
#
#  Out of Memory Error (os_windows.cpp:3771), pid=8804, tid=2200
#
# JRE version:  (17.0.7) (build )
# Java VM: OpenJDK 64-Bit Server VM (17.0.7+0-b2043.56-10550314, mixed mode, sharing, tiered, compressed oops, compressed class ptrs, g1 gc, windows-amd64)
# No core dump will be written. Minidumps are not enabled by default on client versions of Windows
#

---------------  S U M M A R Y ------------

Command Line: org.jetbrains.kotlin.cli.jvm.K2JVMCompiler @D:\SpotTheSugar\app\build\20240613_13550813045750812619.compiler.options

Host: AMD Athlon 300U with Radeon Vega Mobile Gfx    , 4 cores, 5G,  Windows 11 , 64 bit Build 22621 (10.0.22621.3672)
Time: Thu Jun 13 17:34:22 2024 SE Asia Standard Time elapsed time: 0.206280 seconds (0d 0h 0m 0s)

---------------  T H R E A D  ---------------

Current thread (0x000001fc89fa0a40):  JavaThread "Unknown thread" [_thread_in_vm, id=2200, stack(0x000000c580700000,0x000000c580800000)]

Stack: [0x000000c580700000,0x000000c580800000]
Native frames: (J=compiled Java code, j=interpreted, Vv=VM code, C=native code)
V  [jvm.dll+0x683bfa]
V  [jvm.dll+0x8430a4]
V  [jvm.dll+0x8449be]
V  [jvm.dll+0x845023]
V  [jvm.dll+0x24ad2f]
V  [jvm.dll+0x680ac9]
V  [jvm.dll+0x67519a]
V  [jvm.dll+0x30b3cb]
V  [jvm.dll+0x312876]
V  [jvm.dll+0x36221e]
V  [jvm.dll+0x36244f]
V  [jvm.dll+0x2e14a8]
V  [jvm.dll+0x2e2414]
V  [jvm.dll+0x814391]
V  [jvm.dll+0x36ffe1]
V  [jvm.dll+0x7f396c]
V  [jvm.dll+0x3f305f]
V  [jvm.dll+0x3f4b91]
C  [jli.dll+0x528f]
C  [ucrtbase.dll+0x29333]
C  [KERNEL32.DLL+0x1257d]
C  [ntdll.dll+0x5af28]


---------------  P R O C E S S  ---------------

Threads class SMR info:
_java_thread_list=0x00007ff9ad21d098, length=0, elements={
}

Java Threads: ( => current thread )

Other Threads:
  0x000001fc89feabd0 GCTaskThread "GC Thread#0" [stack: 0x000000c580900000,0x000000c580a00000] [id=6220]
  0x000001fc89ff7910 ConcurrentGCThread "G1 Main Marker" [stack: 0x000000c580a00000,0x000000c580b00000] [id=5584]
  0x000001fc89ff8320 ConcurrentGCThread "G1 Conc#0" [stack: 0x000000c580b00000,0x000000c580c00000] [id=3168]

[error occurred during error reporting (printing all threads), id 0xc0000005, EXCEPTION_ACCESS_VIOLATION (0xc0000005) at pc=0x00007ff9ac9d2087]

VM state: not at safepoint (not fully initialized)

VM Mutex/Monitor currently owned by a thread:  ([mutex/lock_event])
[0x000001fc89f9bf40] Heap_lock - owner thread: 0x000001fc89fa0a40

Heap address: 0x00000000a1000000, size: 1520 MB, Compressed Oops mode: 32-bit

CDS archive(s) mapped at: [0x0000000000000000-0x0000000000000000-0x0000000000000000), size 0, SharedBaseAddress: 0x0000000800000000, ArchiveRelocationMode: 0.
Narrow klass base: 0x0000000000000000, Narrow klass shift: 0, Narrow klass range: 0x0

GC Precious Log:
<Empty>

Heap:
 garbage-first heap   total 0K, used 0K [0x00000000a1000000, 0x0000000100000000)
  region size 1024K, 0 young (0K), 0 survivors (0K)
 Metaspace       used 0K, committed 0K, reserved 0K
  class space    used 0K, committed 0K, reserved 0K

Heap Regions: E=young(eden), S=young(survivor), O=old, HS=humongous(starts), HC=humongous(continues), CS=collection set, F=free, OA=open archive, CA=closed archive, TAMS=top-at-mark-start (previous, next)

Card table byte_map: [0x000001fc9c770000,0x000001fc9ca70000] _byte_map_base: 0x000001fc9c268000

Marking Bits (Prev, Next): (CMBitMap*) 0x000001fc89feb1e0, (CMBitMap*) 0x000001fc89feb220
 Prev Bits: [0x000001fc9cd70000, 0x000001fc9e530000)
 Next Bits: [0x000001fc9e530000, 0x000001fc9fcf0000)

GC Heap History (0 events):
No events

Dll operation events (1 events):
Event: 0.196 Loaded shared library D:\Android_Studio\jbr\bin\java.dll

Deoptimization events (0 events):
No events

Classes unloaded (0 events):
No events

Classes redefined (0 events):
No events

Internal exceptions (0 events):
No events

VM Operations (0 events):
No events

Events (0 events):
No events


Dynamic libraries:
0x00007ff7edec0000 - 0x00007ff7edeca000 	D:\Android_Studio\jbr\bin\java.exe
0x00007ff9e2b50000 - 0x00007ff9e2d67000 	C:\WINDOWS\SYSTEM32\ntdll.dll
0x00007ff9e1b70000 - 0x00007ff9e1c34000 	C:\WINDOWS\System32\KERNEL32.DLL
0x00007ff9e00a0000 - 0x00007ff9e044c000 	C:\WINDOWS\System32\KERNELBASE.dll
0x00007ff9dfeb0000 - 0x00007ff9dffc1000 	C:\WINDOWS\System32\ucrtbase.dll
0x00007ff9ceba0000 - 0x00007ff9cebb7000 	D:\Android_Studio\jbr\bin\jli.dll
0x00007ff9e20a0000 - 0x00007ff9e224e000 	C:\WINDOWS\System32\USER32.dll
0x00007ff9dffd0000 - 0x00007ff9dfff6000 	C:\WINDOWS\System32\win32u.dll
0x00007ff9e0b00000 - 0x00007ff9e0b29000 	C:\WINDOWS\System32\GDI32.dll
0x00007ff9e0680000 - 0x00007ff9e0799000 	C:\WINDOWS\System32\gdi32full.dll
0x00007ff9e0000000 - 0x00007ff9e009a000 	C:\WINDOWS\System32\msvcp_win.dll
0x00007ff9c5b90000 - 0x00007ff9c5bab000 	D:\Android_Studio\jbr\bin\VCRUNTIME140.dll
0x00007ff9d06b0000 - 0x00007ff9d0943000 	C:\WINDOWS\WinSxS\amd64_microsoft.windows.common-controls_6595b64144ccf1df_6.0.22621.3672_none_2713b9d173822955\COMCTL32.dll
0x00007ff9e0f20000 - 0x00007ff9e0fc7000 	C:\WINDOWS\System32\msvcrt.dll
0x00007ff9e1c40000 - 0x00007ff9e1c71000 	C:\WINDOWS\System32\IMM32.DLL
0x00007ff9d7160000 - 0x00007ff9d716c000 	D:\Android_Studio\jbr\bin\vcruntime140_1.dll
0x00007ff9a8cb0000 - 0x00007ff9a8d3d000 	D:\Android_Studio\jbr\bin\msvcp140.dll
0x00007ff9ac6e0000 - 0x00007ff9ad360000 	D:\Android_Studio\jbr\bin\server\jvm.dll
0x00007ff9e0a40000 - 0x00007ff9e0af2000 	C:\WINDOWS\System32\ADVAPI32.dll
0x00007ff9e28e0000 - 0x00007ff9e298a000 	C:\WINDOWS\System32\sechost.dll
0x00007ff9dfe80000 - 0x00007ff9dfea8000 	C:\WINDOWS\System32\bcrypt.dll
0x00007ff9e2250000 - 0x00007ff9e2365000 	C:\WINDOWS\System32\RPCRT4.dll
0x00007ff9dcd40000 - 0x00007ff9dcd49000 	C:\WINDOWS\SYSTEM32\WSOCK32.dll
0x00007ff9e10d0000 - 0x00007ff9e1141000 	C:\WINDOWS\System32\WS2_32.dll
0x00007ff9d9c20000 - 0x00007ff9d9c54000 	C:\WINDOWS\SYSTEM32\WINMM.dll
0x00007ff9d64f0000 - 0x00007ff9d64fa000 	C:\WINDOWS\SYSTEM32\VERSION.dll
0x00007ff9dee70000 - 0x00007ff9dee88000 	C:\WINDOWS\SYSTEM32\kernel.appcore.dll
0x00007ff9d6350000 - 0x00007ff9d635a000 	D:\Android_Studio\jbr\bin\jimage.dll
0x00007ff9c9fd0000 - 0x00007ff9ca202000 	C:\WINDOWS\SYSTEM32\DBGHELP.DLL
0x00007ff9e0b30000 - 0x00007ff9e0eb8000 	C:\WINDOWS\System32\combase.dll
0x00007ff9e2380000 - 0x00007ff9e2457000 	C:\WINDOWS\System32\OLEAUT32.dll
0x00007ff9c4180000 - 0x00007ff9c41b2000 	C:\WINDOWS\SYSTEM32\dbgcore.DLL
0x00007ff9e07a0000 - 0x00007ff9e081b000 	C:\WINDOWS\System32\bcryptPrimitives.dll
0x00007ff9d2aa0000 - 0x00007ff9d2ac5000 	D:\Android_Studio\jbr\bin\java.dll

dbghelp: loaded successfully - version: 4.0.5 - missing functions: none
symbol engine: initialized successfully - sym options: 0x614 - pdb path: .;D:\Android_Studio\jbr\bin;C:\WINDOWS\SYSTEM32;C:\WINDOWS\WinSxS\amd64_microsoft.windows.common-controls_6595b64144ccf1df_6.0.22621.3672_none_2713b9d173822955;D:\Android_Studio\jbr\bin\server

VM Arguments:
java_command: org.jetbrains.kotlin.cli.jvm.K2JVMCompiler @D:\SpotTheSugar\app\build\20240613_13550813045750812619.compiler.options
java_class_path (initial): C:\Users\Athlon\.gradle\caches\modules-2\files-2.1\org.jetbrains.kotlin\kotlin-compiler-embeddable\1.9.22\9cd4dc7773cf2a99ecd961a88fbbc9a2da3fb5e1\kotlin-compiler-embeddable-1.9.22.jar;C:\Users\Athlon\.gradle\caches\modules-2\files-2.1\org.jetbrains.kotlin\kotlin-stdlib\1.9.22\d6c44cd08d8f3f9bece8101216dbe6553365c6e3\kotlin-stdlib-1.9.22.jar;C:\Users\Athlon\.gradle\caches\modules-2\files-2.1\org.jetbrains.kotlin\kotlin-script-runtime\1.9.22\f8139a46fc677ec9badc49ae954392f4f5e7e7c7\kotlin-script-runtime-1.9.22.jar;C:\Users\Athlon\.gradle\caches\modules-2\files-2.1\org.jetbrains.kotlin\kotlin-reflect\1.6.10\1cbe9c92c12a94eea200d23c2bbaedaf3daf5132\kotlin-reflect-1.6.10.jar;C:\Users\Athlon\.gradle\caches\modules-2\files-2.1\org.jetbrains.kotlin\kotlin-daemon-embeddable\1.9.22\20e2c5df715f3240c765cfc222530e2796542021\kotlin-daemon-embeddable-1.9.22.jar;C:\Users\Athlon\.gradle\caches\modules-2\files-2.1\org.jetbrains.intellij.deps\trove4j\1.0.20200330\3afb14d5f9ceb459d724e907a21145e8ff394f02\trove4j-1.0.20200330.jar;C:\Users\Athlon\.gradle\caches\modules-2\files-2.1\org.jetbrains\annotations\13.0\919f0dfe192fb4e063e7dacadee7f8bb9a2672a9\annotations-13.0.jar
Launcher Type: SUN_STANDARD

[Global flags]
     intx CICompilerCount                          = 3                                         {product} {ergonomic}
     uint ConcGCThreads                            = 1                                         {product} {ergonomic}
     uint G1ConcRefinementThreads                  = 4                                         {product} {ergonomic}
   size_t G1HeapRegionSize                         = 1048576                                   {product} {ergonomic}
    uintx GCDrainStackTargetSize                   = 64                                        {product} {ergonomic}
   size_t InitialHeapSize                          = 100663296                                 {product} {ergonomic}
   size_t MarkStackSize                            = 4194304                                   {product} {ergonomic}
   size_t MaxHeapSize                              = 1593835520                                {product} {ergonomic}
   size_t MinHeapDeltaBytes                        = 1048576                                   {product} {ergonomic}
   size_t MinHeapSize                              = 8388608                                   {product} {ergonomic}
    uintx NonNMethodCodeHeapSize                   = 5832780                                {pd product} {ergonomic}
    uintx NonProfiledCodeHeapSize                  = 122912730                              {pd product} {ergonomic}
    uintx ProfiledCodeHeapSize                     = 122912730                              {pd product} {ergonomic}
    uintx ReservedCodeCacheSize                    = 251658240                              {pd product} {ergonomic}
     bool SegmentedCodeCache                       = true                                      {product} {ergonomic}
   size_t SoftMaxHeapSize                          = 1593835520                             {manageable} {ergonomic}
     bool UseCompressedClassPointers               = true                           {product lp64_product} {ergonomic}
     bool UseCompressedOops                        = true                           {product lp64_product} {ergonomic}
     bool UseG1GC                                  = true                                      {product} {ergonomic}
     bool UseLargePagesIndividualAllocation        = false                                  {pd product} {ergonomic}

Logging:
Log output configuration:
 #0: stdout all=warning uptime,level,tags
 #1: stderr all=off uptime,level,tags

Environment Variables:
JAVA_HOME=C:\Program Files\Zulu\zulu-21
PATH=C:\Program Files\Zulu\zulu-21\bin\;D:\oracle_xe_21\dbhomeXE\bin;D:\oracle_21_xe\dbhomeXE\bin;D:\oracle_21\dbhomeXE\bin;D:\WINDOWS.X64_193000_db_home\bin;D:\oracle_db\dbhomeXE\bin;C:\Program Files\Common Files\Oracle\Java\javapath;C:\ProgramData\Oracle\Java\javapath;C:\Program Files (x86)\NVIDIA Corporation\PhysX\Common;C:\WINDOWS\system32;C:\WINDOWS;C:\WINDOWS\System32\Wbem;C:\WINDOWS\System32\WindowsPowerShell\v1.0\;C:\WINDOWS\System32\OpenSSH\;D:\xampp\php;C:\ProgramData\ComposerSetup\bin;C:\Program Files\Git\cmd;C:\App\cmder;D:\npm\nvm;C:\Program Files\nodejs;D:\gradle\bin;C:\Users\Athlon\AppData\Local\Programs\Python\Python37\Scripts\;C:\Users\Athlon\AppData\Local\Programs\Python\Python37\;D:\python\Scripts\;D:\python\;C:\Users\Athlon\AppData\Local\Microsoft\WindowsApps;D:\pycharm\PyCharm Community Edition 2020.2.3\bin;;D:\visual code\Microsoft VS Code\bin;C:\Users\Athlon\AppData\Roaming\Composer\vendor\bin;C:\Users\Athlon\AppData\Roaming\npm;D:\npm\nvm;C:\Program Files\nodejs
USERNAME=Athlon
OS=Windows_NT
PROCESSOR_IDENTIFIER=AMD64 Family 23 Model 24 Stepping 1, AuthenticAMD
TMP=C:\Users\Athlon\AppData\Local\Temp
TEMP=C:\Users\Athlon\AppData\Local\Temp


JNI global refs:
JNI global refs: 0, weak refs: 0

JNI global refs memory usage: 0, weak refs: 0

OOME stack traces (most recent first):
Classloader memory used:


---------------  S Y S T E M  ---------------

OS:
 Windows 11 , 64 bit Build 22621 (10.0.22621.3672)
OS uptime: 0 days 5:43 hours
Hyper-V role detected

CPU: total 4 (initial active 4) (4 cores per cpu, 2 threads per core) family 23 model 24 stepping 1 microcode 0x0, cx8, cmov, fxsr, ht, mmx, 3dnowpref, sse, sse2, sse3, ssse3, sse4a, sse4.1, sse4.2, popcnt, lzcnt, tsc, tscinvbit, avx, avx2, aes, clmul, bmi1, bmi2, adx, sha, fma, vzeroupper, clflush, clflushopt, hv

Memory: 4k page, system-wide physical 6074M (442M free)
TotalPageFile size 10527M (AvailPageFile size 18M)
current process WorkingSet (physical memory assigned to process): 11M, peak: 11M
current process commit charge ("private bytes"): 51M, peak: 147M

vm_info: OpenJDK 64-Bit Server VM (17.0.7+0-b2043.56-10550314) for windows-amd64 JRE (17.0.7+0-b2043.56-10550314), built on Jul 24 2023 18:27:45 by "androidbuild" with MS VC++ 16.10 / 16.11 (VS2019)

END.
